<?xml version="1.0" encoding="UTF-8"?>
<!-- Generated by org.testng.reporters.JUnitReportReporter -->
<testsuite hostname="LAPTOP-ESML3DTF" failures="0" tests="1" name="testBase.Registration_Test" time="3.206" errors="0" timestamp="2025-04-19T15:36:28 IST" skipped="0">
  <testcase classname="testBase.Registration_Test" name="test_registration" time="3.206"/>
</testsuite> <!-- testBase.Registration_Test -->
